WARNING:root:*******problem url https://www.lib.ncsu.edu
no such column: crawled*******
WARNING:root:*******problem url https://www.lib.ncsu.edu/databases
no such column: crawled*******
WARNING:root:*******problem url https://www.lib.ncsu.edu/findingaids/resources
no such column: crawled*******
WARNING:root:*******problem url https://www.lib.ncsu.edu/publications/NLarchives/
no such column: crawled*******
WARNING:root:*******problem url https://www.lib.ncsu.edu/staff/results
no such column: crawled*******
WARNING:root:*******problem url https://www.lib.ncsu.edu/giving
no such column: crawled*******
WARNING:root:*******problem url https://www.lib.ncsu.edu/articles/
no such column: crawled*******
WARNING:root:*******problem url https://www.lib.ncsu.edu/services/makerspace
no such column: crawled*******
WARNING:root:*******problem url https://www.lib.ncsu.edu/archivedexhibits/past.html
no such column: crawled*******
WARNING:root:*******problem url https://www.lib.ncsu.edu/do
no such column: crawled*******
WARNING:root:*******problem url https://www.lib.ncsu.edu/software
no such column: crawled*******
WARNING:root:*******problem url https://www.lib.ncsu.edu/faculty
no such column: crawled*******
WARNING:root:*******problem url https://d.lib.ncsu.edu/red-white-black/
no such column: crawled*******
WARNING:root:*******problem url https://www.lib.ncsu.edu/scrc/departmental-history-mse
no such column: crawled*******
WARNING:root:*******problem url https://www.lib.ncsu.edu/etds
no such column: crawled*******
WARNING:root:*******problem url https://www.lib.ncsu.edu/news
no such column: crawled*******
WARNING:root:*******problem url https://www.lib.ncsu.edu/news/archive/2018
no such column: crawled*******
WARNING:root:*******problem url https://www.lib.ncsu.edu/news/archive/2019
no such column: crawled*******
WARNING:root:*******problem url https://www.lib.ncsu.edu/renovation
no such column: crawled*******
WARNING:root:*******problem url https://www.lib.ncsu.edu/toward-a-better-planet-symposium
no such column: crawled*******
WARNING:root:*******problem url https://www.lib.ncsu.edu/personal-librarians
no such column: crawled*******
WARNING:root:*******problem url https://www.lib.ncsu.edu/devices
no such column: crawled*******
WARNING:root:*******problem url https://www.lib.ncsu.edu/hours
no such column: crawled*******
WARNING:root:*******problem url https://www.lib.ncsu.edu/stories
no such column: crawled*******
WARNING:root:*******problem url https://www.lib.ncsu.edu/spaces
no such column: crawled*******
WARNING:root:*******problem url https://www.lib.ncsu.edu/journals/browse.php
no such column: crawled*******
WARNING:root:*******problem url https://www.lib.ncsu.edu/workshops
no such column: crawled*******
WARNING:root:*******problem url https://www.lib.ncsu.edu/events
no such column: crawled*******
WARNING:root:*******problem url https://www.lib.ncsu.edu/course
no such column: crawled*******
WARNING:root:*******problem url https://www.lib.ncsu.edu/exhibits
no such column: crawled*******
WARNING:root:*******problem url https://www.lib.ncsu.edu/scrc
no such column: crawled*******
WARNING:root:*******problem url https://www.lib.ncsu.edu/askus
no such column: crawled*******
WARNING:root:*******problem url https://www.lib.ncsu.edu/faq
no such column: crawled*******
WARNING:root:*******problem url https://www.lib.ncsu.edu/jobs
no such column: crawled*******
WARNING:root:*******problem url https://www.lib.ncsu.edu/think-and-view
no such column: crawled*******
WARNING:root:*******problem url https://www.lib.ncsu.edu/services
no such column: crawled*******
WARNING:root:*******problem url https://www.lib.ncsu.edu
no such column: crawled*******
WARNING:root:*******problem url https://www.lib.ncsu.edu/databases
no such column: crawled*******
WARNING:root:*******problem url https://www.lib.ncsu.edu/findingaids/resources
no such column: crawled*******
WARNING:root:*******problem url https://www.lib.ncsu.edu/publications/NLarchives/
no such column: crawled*******
WARNING:root:*******problem url https://www.lib.ncsu.edu/staff/results
no such column: crawled*******
WARNING:root:*******problem url https://www.lib.ncsu.edu/giving
no such column: crawled*******
WARNING:root:*******problem url https://www.lib.ncsu.edu/articles/
no such column: crawled*******
WARNING:root:*******problem url https://www.lib.ncsu.edu/services/makerspace
no such column: crawled*******
WARNING:root:*******problem url https://www.lib.ncsu.edu/archivedexhibits/past.html
no such column: crawled*******
WARNING:root:*******problem url https://www.lib.ncsu.edu/do
no such column: crawled*******
WARNING:root:*******problem url https://www.lib.ncsu.edu/software
no such column: crawled*******
WARNING:root:*******problem url https://www.lib.ncsu.edu/faculty
no such column: crawled*******
WARNING:root:*******problem url https://d.lib.ncsu.edu/red-white-black/
no such column: crawled*******
WARNING:root:*******problem url https://www.lib.ncsu.edu/scrc/departmental-history-mse
no such column: crawled*******
WARNING:root:*******problem url https://www.lib.ncsu.edu/etds
no such column: crawled*******
WARNING:root:*******problem url https://www.lib.ncsu.edu/news
no such column: crawled*******
WARNING:root:*******problem url https://www.lib.ncsu.edu/news/archive/2018
no such column: crawled*******
WARNING:root:*******problem url https://www.lib.ncsu.edu/news/archive/2019
no such column: crawled*******
WARNING:root:*******problem url https://www.lib.ncsu.edu/renovation
no such column: crawled*******
WARNING:root:*******problem url https://www.lib.ncsu.edu/toward-a-better-planet-symposium
no such column: crawled*******
WARNING:root:*******problem url https://www.lib.ncsu.edu/personal-librarians
no such column: crawled*******
WARNING:root:*******problem url https://www.lib.ncsu.edu/devices
no such column: crawled*******
WARNING:root:*******problem url https://www.lib.ncsu.edu/hours
no such column: crawled*******
WARNING:root:*******problem url https://www.lib.ncsu.edu/stories
no such column: crawled*******
WARNING:root:*******problem url https://www.lib.ncsu.edu/spaces
no such column: crawled*******
WARNING:root:*******problem url https://www.lib.ncsu.edu/journals/browse.php
no such column: crawled*******
WARNING:root:*******problem url https://www.lib.ncsu.edu/workshops
no such column: crawled*******
WARNING:root:*******problem url https://www.lib.ncsu.edu/events
no such column: crawled*******
WARNING:root:*******problem url https://www.lib.ncsu.edu/course
no such column: crawled*******
WARNING:root:*******problem url https://www.lib.ncsu.edu/exhibits
no such column: crawled*******
WARNING:root:*******problem url https://www.lib.ncsu.edu/scrc
no such column: crawled*******
WARNING:root:*******problem url https://www.lib.ncsu.edu/askus
no such column: crawled*******
WARNING:root:*******problem url https://www.lib.ncsu.edu/faq
no such column: crawled*******
WARNING:root:*******problem url https://www.lib.ncsu.edu/jobs
no such column: crawled*******
WARNING:root:*******problem url https://www.lib.ncsu.edu/think-and-view
no such column: crawled*******
WARNING:root:*******problem url https://www.lib.ncsu.edu/services
no such column: crawled*******
